<?xml version="1.0" encoding="UTF-8"?>
<!-- Generated by org.testng.reporters.JUnitXMLReporter -->
<testsuite ignored="0" hostname="DESKTOP-7F43CTE" failures="0" tests="3" name="EdgeParallelTest" time="93.598" errors="0" timestamp="2025-05-11T14:56:03 IST">
  <testcase classname="MustKnowConcepts.ParmTest" name="testlogo" time="4.374"/>
  <testcase classname="MustKnowConcepts.ParmTest" name="title" time="0.14"/>
  <testcase classname="MustKnowConcepts.ParmTest" name="testURL" time="0.224"/>
</testsuite> <!-- EdgeParallelTest -->
