<?xml version="1.0" encoding="UTF-8"?>
<!-- Generated by org.testng.reporters.JUnitXMLReporter -->
<testsuite ignored="0" hostname="DESKTOP-7F43CTE" failures="0" tests="4" name="OrangeHRMTest" time="21.014" errors="0" timestamp="2025-05-09T23:46:23 IST">
  <testcase classname="FirstTestcase.OrangeHRMTest" name="applaunch" time="14.073"/>
  <testcase classname="FirstTestcase.OrangeHRMTest" name="testlogo" time="3.144"/>
  <testcase classname="FirstTestcase.OrangeHRMTest" name="login" time="1.991"/>
  <testcase classname="FirstTestcase.OrangeHRMTest" name="logout" time="1.572"/>
</testsuite> <!-- OrangeHRMTest -->
