<?xml version="1.0" encoding="UTF-8"?>
<!-- Generated by org.testng.reporters.JUnitXMLReporter -->
<testsuite ignored="0" hostname="DESKTOP-7F43CTE" failures="0" tests="3" name="ParallelTest" time="18.742" errors="0" timestamp="2025-05-11T14:18:37 IST">
  <testcase classname="MustKnowConcepts.ParmTest" name="testlogo" time="0.188"/>
  <testcase classname="MustKnowConcepts.ParmTest" name="title" time="0.021"/>
  <testcase classname="MustKnowConcepts.ParmTest" name="testURL" time="0.018"/>
</testsuite> <!-- ParallelTest -->
