<?xml version="1.0" encoding="UTF-8"?>
<!-- Generated by org.testng.reporters.JUnitXMLReporter -->
<testsuite ignored="0" hostname="DESKTOP-7F43CTE" failures="0" tests="7" name="my tests" time="17.715" errors="0" timestamp="2025-05-10T11:14:16 IST">
  <testcase classname="FirstTestcase.OrangeHRMTest" name="applaunch" time="11.449"/>
  <testcase classname="FirstTestcase.OrangeHRMTest" name="testlogo" time="3.104"/>
  <testcase classname="FirstTestcase.OrangeHRMTest" name="login" time="2.051"/>
  <testcase classname="FirstTestcase.OrangeHRMTest" name="logout" time="0.992"/>
  <testcase classname="FirstTestcase.TestcaseOne" name="launchapp" time="0.003"/>
  <testcase classname="FirstTestcase.TestcaseOne" name="login" time="0.003"/>
  <testcase classname="FirstTestcase.TestcaseOne" name="logout" time="0.004"/>
</testsuite> <!-- my tests -->
