<?xml version="1.0" encoding="UTF-8"?>
<!-- Generated by org.testng.reporters.JUnitXMLReporter -->
<testsuite ignored="1" hostname="DESKTOP-7F43CTE" failures="0" tests="4" name="GroupOne" time="0.069" errors="0" timestamp="2025-05-10T19:57:43 IST">
  <testcase classname="MustKnowConcepts.DependencyMethodsTestNg" name="openapp" time="0.011"/>
  <testcase classname="MustKnowConcepts.DependencyMethodsTestNg" name="login" time="0.002"/>
  <testcase classname="MustKnowConcepts.DependencyMethodsTestNg" name="simpleSearch" time="0.002"/>
  <testcase classname="MustKnowConcepts.DependencyMethodsTestNg" name="advancedSearch" time="0.001"/>
  <testcase classname="MustKnowConcepts.DependencyMethodsTestNg" name="logout" time="0.0">
    <ignored/>
  </testcase> <!-- logout -->
</testsuite> <!-- GroupOne -->
